Determining if the pthread_create exist failed with the following output:
Change Dir: /home/cc/ee106a/fa18/class/ee106a-aby/ros_workspaces/TheCreator/build/CMakeFiles/CMakeTmp

Run Build Command:/usr/bin/make "cmTryCompileExec2695219230/fast"
/usr/bin/make -f CMakeFiles/cmTryCompileExec2695219230.dir/build.make CMakeFiles/cmTryCompileExec2695219230.dir/build
make[1]: Entering directory `/home/cc/ee106a/fa18/class/ee106a-aby/ros_workspaces/TheCreator/build/CMakeFiles/CMakeTmp'
/usr/bin/cmake -E cmake_progress_report /home/cc/ee106a/fa18/class/ee106a-aby/ros_workspaces/TheCreator/build/CMakeFiles/CMakeTmp/CMakeFiles 1
Building C object CMakeFiles/cmTryCompileExec2695219230.dir/CheckSymbolExists.c.o
/usr/bin/cc    -o CMakeFiles/cmTryCompileExec2695219230.dir/CheckSymbolExists.c.o   -c /home/cc/ee106a/fa18/class/ee106a-aby/ros_workspaces/TheCreator/build/CMakeFiles/CMakeTmp/CheckSymbolExists.c
Linking C executable cmTryCompileExec2695219230
/usr/bin/cmake -E cmake_link_script CMakeFiles/cmTryCompileExec2695219230.dir/link.txt --verbose=1
/usr/bin/cc       CMakeFiles/cmTryCompileExec2695219230.dir/CheckSymbolExists.c.o  -o cmTryCompileExec2695219230 -rdynamic 
CMakeFiles/cmTryCompileExec2695219230.dir/CheckSymbolExists.c.o: In function `main':
CheckSymbolExists.c:(.text+0x16): undefined reference to `pthread_create'
collect2: error: ld returned 1 exit status
make[1]: *** [cmTryCompileExec2695219230] Error 1
make[1]: Leaving directory `/home/cc/ee106a/fa18/class/ee106a-aby/ros_workspaces/TheCreator/build/CMakeFiles/CMakeTmp'
make: *** [cmTryCompileExec2695219230/fast] Error 2

File /home/cc/ee106a/fa18/class/ee106a-aby/ros_workspaces/TheCreator/build/CMakeFiles/CMakeTmp/CheckSymbolExists.c:
/* */
#include <pthread.h>

int main(int argc, char** argv)
{
  (void)argv;
#ifndef pthread_create
  return ((int*)(&pthread_create))[argc];
#else
  (void)argc;
  return 0;
#endif
}

Determining if the function pthread_create exists in the pthreads failed with the following output:
Change Dir: /home/cc/ee106a/fa18/class/ee106a-aby/ros_workspaces/TheCreator/build/CMakeFiles/CMakeTmp

Run Build Command:/usr/bin/make "cmTryCompileExec883984971/fast"
/usr/bin/make -f CMakeFiles/cmTryCompileExec883984971.dir/build.make CMakeFiles/cmTryCompileExec883984971.dir/build
make[1]: Entering directory `/home/cc/ee106a/fa18/class/ee106a-aby/ros_workspaces/TheCreator/build/CMakeFiles/CMakeTmp'
/usr/bin/cmake -E cmake_progress_report /home/cc/ee106a/fa18/class/ee106a-aby/ros_workspaces/TheCreator/build/CMakeFiles/CMakeTmp/CMakeFiles 1
Building C object CMakeFiles/cmTryCompileExec883984971.dir/CheckFunctionExists.c.o
/usr/bin/cc   -DCHECK_FUNCTION_EXISTS=pthread_create   -o CMakeFiles/cmTryCompileExec883984971.dir/CheckFunctionExists.c.o   -c /usr/share/cmake-2.8/Modules/CheckFunctionExists.c
Linking C executable cmTryCompileExec883984971
/usr/bin/cmake -E cmake_link_script CMakeFiles/cmTryCompileExec883984971.dir/link.txt --verbose=1
/usr/bin/cc   -DCHECK_FUNCTION_EXISTS=pthread_create    CMakeFiles/cmTryCompileExec883984971.dir/CheckFunctionExists.c.o  -o cmTryCompileExec883984971 -rdynamic -lpthreads 
/usr/bin/ld: cannot find -lpthreads
collect2: error: ld returned 1 exit status
make[1]: *** [cmTryCompileExec883984971] Error 1
make[1]: Leaving directory `/home/cc/ee106a/fa18/class/ee106a-aby/ros_workspaces/TheCreator/build/CMakeFiles/CMakeTmp'
make: *** [cmTryCompileExec883984971/fast] Error 2


